# JRE version: OpenJDK Runtime Environment (23.0.2+7) (build 23.0.2+7-58)
# Java VM: OpenJDK 64-Bit Server VM (23.0.2+7-58, mixed mode, tiered, compressed oops, compressed class ptrs, g1 gc, windows-amd64)
GC Precious Log:
 CardTable entry size: 512
 Card Set container configuration: InlinePtr #cards 4 size 8 Array Of Cards #cards 16 size 48 Howl #buckets 8 coarsen threshold 3686 Howl Bitmap #cards 512 size 80 coarsen threshold 460 Card regions per heap region 1 cards per card region 4096
 CPUs: 16 total, 16 available
 Memory: 15661M
 Large Page Support: Disabled
 NUMA Support: Disabled
 Compressed Oops: Enabled (Zero based)
 Heap Region Size: 2M
 Heap Min Capacity: 8M
 Heap Initial Capacity: 246M
 Heap Max Capacity: 3916M
 Pre-touch: Disabled
 Parallel Workers: 13
 Concurrent Workers: 3
 Concurrent Refinement Workers: 13
 Periodic GC: Disabled
Heap:
 garbage-first heap   total reserved 4009984K, committed 18432K, used 5910K [0x000000070b400000, 0x0000000800000000)
  region size 2048K, 2 young (4096K), 1 survivors (2048K)
 Metaspace       used 31479K, committed 31680K, reserved 1114112K
  class space    used 3096K, committed 3200K, reserved 1048576K
GC Heap History (14 events):
Event: 0.641 GC heap before
{Heap before GC invocations=0 (full 0):
 garbage-first heap   total reserved 4009984K, committed 251904K, used 22528K [0x000000070b400000, 0x0000000800000000)
  region size 2048K, 12 young (24576K), 0 survivors (0K)
 Metaspace       used 14012K, committed 14144K, reserved 1114112K
  class space    used 1022K, committed 1088K, reserved 1048576K
}
Event: 0.644 GC heap after
{Heap after GC invocations=1 (full 0):
 garbage-first heap   total reserved 4009984K, committed 251904K, used 2214K [0x000000070b400000, 0x0000000800000000)
  region size 2048K, 2 young (4096K), 2 survivors (4096K)
 Metaspace       used 14012K, committed 14144K, reserved 1114112K
  class space    used 1022K, committed 1088K, reserved 1048576K
}
Event: 1.063 GC heap before
{Heap before GC invocations=1 (full 0):
 garbage-first heap   total reserved 4009984K, committed 251904K, used 22694K [0x000000070b400000, 0x0000000800000000)
  region size 2048K, 14 young (28672K), 2 survivors (4096K)
 Metaspace       used 21365K, committed 21504K, reserved 1114112K
  class space    used 1723K, committed 1792K, reserved 1048576K
}
Event: 1.066 GC heap after
{Heap after GC invocations=2 (full 0):
 garbage-first heap   total reserved 4009984K, committed 251904K, used 3113K [0x000000070b400000, 0x0000000800000000)
  region size 2048K, 2 young (4096K), 2 survivors (4096K)
 Metaspace       used 21365K, committed 21504K, reserved 1114112K
  class space    used 1723K, committed 1792K, reserved 1048576K
}
Event: 1.399 GC heap before
{Heap before GC invocations=3 (full 0):
 garbage-first heap   total reserved 4009984K, committed 14336K, used 13353K [0x000000070b400000, 0x0000000800000000)
  region size 2048K, 7 young (14336K), 2 survivors (4096K)
 Metaspace       used 24564K, committed 24640K, reserved 1114112K
  class space    used 2405K, committed 2432K, reserved 1048576K
}
Event: 1.404 GC heap after
{Heap after GC invocations=4 (full 0):
 garbage-first heap   total reserved 4009984K, committed 18432K, used 3994K [0x000000070b400000, 0x0000000800000000)
  region size 2048K, 2 young (4096K), 2 survivors (4096K)
 Metaspace       used 24564K, committed 24640K, reserved 1114112K
  class space    used 2405K, committed 2432K, reserved 1048576K
}
Event: 1.552 GC heap before
{Heap before GC invocations=4 (full 0):
 garbage-first heap   total reserved 4009984K, committed 18432K, used 10138K [0x000000070b400000, 0x0000000800000000)
  region size 2048K, 5 young (10240K), 2 survivors (4096K)
 Metaspace       used 26572K, committed 26688K, reserved 1114112K
  class space    used 2562K, committed 2624K, reserved 1048576K
}
Event: 1.557 GC heap after
{Heap after GC invocations=5 (full 0):
 garbage-first heap   total reserved 4009984K, committed 18432K, used 4470K [0x000000070b400000, 0x0000000800000000)
  region size 2048K, 1 young (2048K), 1 survivors (2048K)
 Metaspace       used 26572K, committed 26688K, reserved 1114112K
  class space    used 2562K, committed 2624K, reserved 1048576K
}
Event: 1.839 GC heap before
{Heap before GC invocations=5 (full 0):
 garbage-first heap   total reserved 4009984K, committed 18432K, used 10614K [0x000000070b400000, 0x0000000800000000)
  region size 2048K, 5 young (10240K), 1 survivors (2048K)
 Metaspace       used 29244K, committed 29440K, reserved 1114112K
  class space    used 2863K, committed 2944K, reserved 1048576K
}
Event: 1.843 GC heap after
{Heap after GC invocations=6 (full 0):
 garbage-first heap   total reserved 4009984K, committed 18432K, used 5182K [0x000000070b400000, 0x0000000800000000)
  region size 2048K, 1 young (2048K), 1 survivors (2048K)
 Metaspace       used 29244K, committed 29440K, reserved 1114112K
  class space    used 2863K, committed 2944K, reserved 1048576K
}
Event: 28.331 GC heap before
{Heap before GC invocations=6 (full 0):
 garbage-first heap   total reserved 4009984K, committed 18432K, used 13374K [0x000000070b400000, 0x0000000800000000)
  region size 2048K, 5 young (10240K), 1 survivors (2048K)
 Metaspace       used 31302K, committed 31552K, reserved 1114112K
  class space    used 3096K, committed 3200K, reserved 1048576K
}
Event: 28.333 GC heap after
{Heap after GC invocations=7 (full 0):
 garbage-first heap   total reserved 4009984K, committed 18432K, used 5783K [0x000000070b400000, 0x0000000800000000)
  region size 2048K, 1 young (2048K), 1 survivors (2048K)
 Metaspace       used 31302K, committed 31552K, reserved 1114112K
  class space    used 3096K, committed 3200K, reserved 1048576K
}
Event: 30.563 GC heap before
{Heap before GC invocations=7 (full 0):
 garbage-first heap   total reserved 4009984K, committed 18432K, used 11927K [0x000000070b400000, 0x0000000800000000)
  region size 2048K, 4 young (8192K), 1 survivors (2048K)
 Metaspace       used 31471K, committed 31680K, reserved 1114112K
  class space    used 3096K, committed 3200K, reserved 1048576K
}
Event: 30.565 GC heap after
{Heap after GC invocations=8 (full 0):
 garbage-first heap   total reserved 4009984K, committed 18432K, used 5910K [0x000000070b400000, 0x0000000800000000)
  region size 2048K, 1 young (2048K), 1 survivors (2048K)
 Metaspace       used 31471K, committed 31680K, reserved 1114112K
  class space    used 3096K, committed 3200K, reserved 1048576K
}

